0 info it worked if it ends with ok
1 verbose cli [ '/home/david/.nvm/v0.10.32/bin/node',
1 verbose cli   '/home/david/.nvm/v0.10.32/bin/npm',
1 verbose cli   'install',
1 verbose cli   'passport',
1 verbose cli   'passport-local',
1 verbose cli   'mongoose',
1 verbose cli   'connect-flash',
1 verbose cli   'express-sessssion',
1 verbose cli   'bcrypt-nodejs',
1 verbose cli   '--save' ]
2 info using npm@1.4.28
3 info using node@v0.10.32
4 verbose readDependencies using package.json deps
5 verbose cache add [ 'passport', null ]
6 verbose cache add name=undefined spec="passport" args=["passport",null]
7 verbose parsed url { protocol: null,
7 verbose parsed url   slashes: null,
7 verbose parsed url   auth: null,
7 verbose parsed url   host: null,
7 verbose parsed url   port: null,
7 verbose parsed url   hostname: null,
7 verbose parsed url   hash: null,
7 verbose parsed url   search: null,
7 verbose parsed url   query: null,
7 verbose parsed url   pathname: 'passport',
7 verbose parsed url   path: 'passport',
7 verbose parsed url   href: 'passport' }
8 verbose cache add [ 'passport-local', null ]
9 verbose cache add name=undefined spec="passport-local" args=["passport-local",null]
10 verbose parsed url { protocol: null,
10 verbose parsed url   slashes: null,
10 verbose parsed url   auth: null,
10 verbose parsed url   host: null,
10 verbose parsed url   port: null,
10 verbose parsed url   hostname: null,
10 verbose parsed url   hash: null,
10 verbose parsed url   search: null,
10 verbose parsed url   query: null,
10 verbose parsed url   pathname: 'passport-local',
10 verbose parsed url   path: 'passport-local',
10 verbose parsed url   href: 'passport-local' }
11 verbose cache add [ 'mongoose', null ]
12 verbose cache add name=undefined spec="mongoose" args=["mongoose",null]
13 verbose parsed url { protocol: null,
13 verbose parsed url   slashes: null,
13 verbose parsed url   auth: null,
13 verbose parsed url   host: null,
13 verbose parsed url   port: null,
13 verbose parsed url   hostname: null,
13 verbose parsed url   hash: null,
13 verbose parsed url   search: null,
13 verbose parsed url   query: null,
13 verbose parsed url   pathname: 'mongoose',
13 verbose parsed url   path: 'mongoose',
13 verbose parsed url   href: 'mongoose' }
14 verbose cache add [ 'connect-flash', null ]
15 verbose cache add name=undefined spec="connect-flash" args=["connect-flash",null]
16 verbose parsed url { protocol: null,
16 verbose parsed url   slashes: null,
16 verbose parsed url   auth: null,
16 verbose parsed url   host: null,
16 verbose parsed url   port: null,
16 verbose parsed url   hostname: null,
16 verbose parsed url   hash: null,
16 verbose parsed url   search: null,
16 verbose parsed url   query: null,
16 verbose parsed url   pathname: 'connect-flash',
16 verbose parsed url   path: 'connect-flash',
16 verbose parsed url   href: 'connect-flash' }
17 verbose cache add [ 'express-sessssion', null ]
18 verbose cache add name=undefined spec="express-sessssion" args=["express-sessssion",null]
19 verbose parsed url { protocol: null,
19 verbose parsed url   slashes: null,
19 verbose parsed url   auth: null,
19 verbose parsed url   host: null,
19 verbose parsed url   port: null,
19 verbose parsed url   hostname: null,
19 verbose parsed url   hash: null,
19 verbose parsed url   search: null,
19 verbose parsed url   query: null,
19 verbose parsed url   pathname: 'express-sessssion',
19 verbose parsed url   path: 'express-sessssion',
19 verbose parsed url   href: 'express-sessssion' }
20 verbose cache add [ 'bcrypt-nodejs', null ]
21 verbose cache add name=undefined spec="bcrypt-nodejs" args=["bcrypt-nodejs",null]
22 verbose parsed url { protocol: null,
22 verbose parsed url   slashes: null,
22 verbose parsed url   auth: null,
22 verbose parsed url   host: null,
22 verbose parsed url   port: null,
22 verbose parsed url   hostname: null,
22 verbose parsed url   hash: null,
22 verbose parsed url   search: null,
22 verbose parsed url   query: null,
22 verbose parsed url   pathname: 'bcrypt-nodejs',
22 verbose parsed url   path: 'bcrypt-nodejs',
22 verbose parsed url   href: 'bcrypt-nodejs' }
23 silly lockFile a3404013-passport passport
24 verbose lock passport /home/david/.npm/a3404013-passport.lock
25 silly lockFile defa4f15-passport-local passport-local
26 verbose lock passport-local /home/david/.npm/defa4f15-passport-local.lock
27 silly lockFile f25dbdd3-mongoose mongoose
28 verbose lock mongoose /home/david/.npm/f25dbdd3-mongoose.lock
29 silly lockFile 63b77219-connect-flash connect-flash
30 verbose lock connect-flash /home/david/.npm/63b77219-connect-flash.lock
31 silly lockFile e5837153-express-sessssion express-sessssion
32 verbose lock express-sessssion /home/david/.npm/e5837153-express-sessssion.lock
33 silly lockFile 6c6947cd-bcrypt-nodejs bcrypt-nodejs
34 verbose lock bcrypt-nodejs /home/david/.npm/6c6947cd-bcrypt-nodejs.lock
35 silly lockFile a3404013-passport passport
36 silly lockFile a3404013-passport passport
37 silly lockFile defa4f15-passport-local passport-local
38 silly lockFile defa4f15-passport-local passport-local
39 silly lockFile f25dbdd3-mongoose mongoose
40 silly lockFile f25dbdd3-mongoose mongoose
41 silly lockFile 63b77219-connect-flash connect-flash
42 silly lockFile 63b77219-connect-flash connect-flash
43 silly lockFile e5837153-express-sessssion express-sessssion
44 silly lockFile e5837153-express-sessssion express-sessssion
45 silly lockFile 6c6947cd-bcrypt-nodejs bcrypt-nodejs
46 silly lockFile 6c6947cd-bcrypt-nodejs bcrypt-nodejs
47 verbose addNamed [ 'passport', '' ]
48 verbose addNamed [ null, '*' ]
49 silly lockFile d5a254c4-passport passport@
50 verbose lock passport@ /home/david/.npm/d5a254c4-passport.lock
51 verbose addNamed [ 'passport-local', '' ]
52 verbose addNamed [ null, '*' ]
53 silly lockFile 20688a51-passport-local passport-local@
54 verbose lock passport-local@ /home/david/.npm/20688a51-passport-local.lock
55 verbose addNamed [ 'mongoose', '' ]
56 verbose addNamed [ null, '*' ]
57 silly lockFile 3bb0fc31-mongoose mongoose@
58 verbose lock mongoose@ /home/david/.npm/3bb0fc31-mongoose.lock
59 verbose addNamed [ 'connect-flash', '' ]
60 verbose addNamed [ null, '*' ]
61 silly lockFile 5d858a09-connect-flash connect-flash@
62 verbose lock connect-flash@ /home/david/.npm/5d858a09-connect-flash.lock
63 verbose addNamed [ 'express-sessssion', '' ]
64 verbose addNamed [ null, '*' ]
65 silly lockFile 36a6175b-express-sessssion express-sessssion@
66 verbose lock express-sessssion@ /home/david/.npm/36a6175b-express-sessssion.lock
67 verbose addNamed [ 'bcrypt-nodejs', '' ]
68 verbose addNamed [ null, '*' ]
69 silly lockFile a68af524-bcrypt-nodejs bcrypt-nodejs@
70 verbose lock bcrypt-nodejs@ /home/david/.npm/a68af524-bcrypt-nodejs.lock
71 silly addNameRange { name: 'passport', range: '*', hasData: false }
72 silly addNameRange { name: 'passport-local', range: '*', hasData: false }
73 silly addNameRange { name: 'mongoose', range: '*', hasData: false }
74 silly addNameRange { name: 'connect-flash', range: '*', hasData: false }
75 silly addNameRange { name: 'express-sessssion', range: '*', hasData: false }
76 silly addNameRange { name: 'bcrypt-nodejs', range: '*', hasData: false }
77 verbose request where is /express-sessssion
78 verbose request registry https://registry.npmjs.org/
79 verbose request id b28ac0dcc9ac907c
80 verbose url raw /express-sessssion
81 verbose url resolving [ 'https://registry.npmjs.org/', './express-sessssion' ]
82 verbose url resolved https://registry.npmjs.org/express-sessssion
83 verbose request where is https://registry.npmjs.org/express-sessssion
84 info trying registry request attempt 1 at 09:10:10
85 http GET https://registry.npmjs.org/express-sessssion
86 verbose request where is /passport-local
87 verbose request registry https://registry.npmjs.org/
88 verbose url raw /passport-local
89 verbose url resolving [ 'https://registry.npmjs.org/', './passport-local' ]
90 verbose url resolved https://registry.npmjs.org/passport-local
91 verbose request where is https://registry.npmjs.org/passport-local
92 info trying registry request attempt 1 at 09:10:10
93 verbose etag "78J7YU7NXFKXVZ1IC7IY9990M"
94 http GET https://registry.npmjs.org/passport-local
95 verbose request where is /passport
96 verbose request registry https://registry.npmjs.org/
97 verbose url raw /passport
98 verbose url resolving [ 'https://registry.npmjs.org/', './passport' ]
99 verbose url resolved https://registry.npmjs.org/passport
100 verbose request where is https://registry.npmjs.org/passport
101 info trying registry request attempt 1 at 09:10:10
102 verbose etag "CK37XX21BFNK0APGQ9NC325P8"
103 http GET https://registry.npmjs.org/passport
104 verbose request where is /mongoose
105 verbose request registry https://registry.npmjs.org/
106 verbose url raw /mongoose
107 verbose url resolving [ 'https://registry.npmjs.org/', './mongoose' ]
108 verbose url resolved https://registry.npmjs.org/mongoose
109 verbose request where is https://registry.npmjs.org/mongoose
110 info trying registry request attempt 1 at 09:10:10
111 verbose etag "AS9IKNPTJTHAGAPLGWO05U15D"
112 http GET https://registry.npmjs.org/mongoose
113 verbose request where is /connect-flash
114 verbose request registry https://registry.npmjs.org/
115 verbose url raw /connect-flash
116 verbose url resolving [ 'https://registry.npmjs.org/', './connect-flash' ]
117 verbose url resolved https://registry.npmjs.org/connect-flash
118 verbose request where is https://registry.npmjs.org/connect-flash
119 info trying registry request attempt 1 at 09:10:10
120 verbose etag "BMK2HB9ZQI5ZCPFQEYCW1J3LG"
121 http GET https://registry.npmjs.org/connect-flash
122 verbose request where is /bcrypt-nodejs
123 verbose request registry https://registry.npmjs.org/
124 verbose url raw /bcrypt-nodejs
125 verbose url resolving [ 'https://registry.npmjs.org/', './bcrypt-nodejs' ]
126 verbose url resolved https://registry.npmjs.org/bcrypt-nodejs
127 verbose request where is https://registry.npmjs.org/bcrypt-nodejs
128 info trying registry request attempt 1 at 09:10:10
129 verbose etag "52B3LHGUQ2EBYA12JXFRFN4OV"
130 http GET https://registry.npmjs.org/bcrypt-nodejs
131 http 304 https://registry.npmjs.org/passport-local
132 silly registry.get cb [ 304,
132 silly registry.get   { date: 'Thu, 02 Oct 2014 07:10:10 GMT',
132 silly registry.get     server: 'Apache',
132 silly registry.get     via: '1.1 varnish',
132 silly registry.get     'last-modified': 'Thu, 02 Oct 2014 07:10:03 GMT',
132 silly registry.get     'cache-control': 'max-age=60',
132 silly registry.get     etag: '"78J7YU7NXFKXVZ1IC7IY9990M"',
132 silly registry.get     'x-served-by': 'cache-lo81-LHR',
132 silly registry.get     'x-cache': 'HIT',
132 silly registry.get     'x-cache-hits': '1',
132 silly registry.get     'x-timer': 'S1412233810.626150,VS0,VE0',
132 silly registry.get     vary: 'Accept',
132 silly registry.get     'content-length': '0',
132 silly registry.get     'keep-alive': 'timeout=10, max=50',
132 silly registry.get     connection: 'Keep-Alive' } ]
133 verbose etag https://registry.npmjs.org/passport-local from cache
134 silly addNameRange number 2 { name: 'passport-local', range: '*', hasData: true }
135 silly addNameRange versions [ 'passport-local',
135 silly addNameRange   [ '0.1.0',
135 silly addNameRange     '0.1.1',
135 silly addNameRange     '0.1.2',
135 silly addNameRange     '0.1.3',
135 silly addNameRange     '0.1.4',
135 silly addNameRange     '0.1.5',
135 silly addNameRange     '0.1.6',
135 silly addNameRange     '1.0.0' ] ]
136 verbose addNamed [ 'passport-local', '1.0.0' ]
137 verbose addNamed [ '1.0.0', '1.0.0' ]
138 silly lockFile 8defd22e-passport-local-1-0-0 passport-local@1.0.0
139 verbose lock passport-local@1.0.0 /home/david/.npm/8defd22e-passport-local-1-0-0.lock
140 silly lockFile 8defd22e-passport-local-1-0-0 passport-local@1.0.0
141 silly lockFile 8defd22e-passport-local-1-0-0 passport-local@1.0.0
142 silly lockFile 20688a51-passport-local passport-local@
143 silly lockFile 20688a51-passport-local passport-local@
144 http 304 https://registry.npmjs.org/connect-flash
145 silly registry.get cb [ 304,
145 silly registry.get   { date: 'Thu, 02 Oct 2014 07:10:10 GMT',
145 silly registry.get     server: 'Apache',
145 silly registry.get     via: '1.1 varnish',
145 silly registry.get     'last-modified': 'Thu, 02 Oct 2014 07:10:10 GMT',
145 silly registry.get     'cache-control': 'max-age=60',
145 silly registry.get     etag: '"BMK2HB9ZQI5ZCPFQEYCW1J3LG"',
145 silly registry.get     'x-served-by': 'cache-lo81-LHR',
145 silly registry.get     'x-cache': 'HIT',
145 silly registry.get     'x-cache-hits': '1',
145 silly registry.get     'x-timer': 'S1412233810.660737,VS0,VE0',
145 silly registry.get     vary: 'Accept',
145 silly registry.get     'content-length': '0',
145 silly registry.get     'keep-alive': 'timeout=10, max=50',
145 silly registry.get     connection: 'Keep-Alive' } ]
146 verbose etag https://registry.npmjs.org/connect-flash from cache
147 http 304 https://registry.npmjs.org/passport
148 silly registry.get cb [ 304,
148 silly registry.get   { date: 'Thu, 02 Oct 2014 07:10:10 GMT',
148 silly registry.get     server: 'Apache',
148 silly registry.get     via: '1.1 varnish',
148 silly registry.get     'last-modified': 'Thu, 02 Oct 2014 07:10:10 GMT',
148 silly registry.get     'cache-control': 'max-age=60',
148 silly registry.get     etag: '"CK37XX21BFNK0APGQ9NC325P8"',
148 silly registry.get     'x-served-by': 'cache-lo80-LHR',
148 silly registry.get     'x-cache': 'HIT',
148 silly registry.get     'x-cache-hits': '1',
148 silly registry.get     'x-timer': 'S1412233810.663859,VS0,VE0',
148 silly registry.get     vary: 'Accept',
148 silly registry.get     'content-length': '0',
148 silly registry.get     'keep-alive': 'timeout=10, max=50',
148 silly registry.get     connection: 'Keep-Alive' } ]
149 verbose etag https://registry.npmjs.org/passport from cache
150 silly addNameRange number 2 { name: 'connect-flash', range: '*', hasData: true }
151 silly addNameRange versions [ 'connect-flash', [ '0.1.0', '0.1.1' ] ]
152 verbose addNamed [ 'connect-flash', '0.1.1' ]
153 verbose addNamed [ '0.1.1', '0.1.1' ]
154 silly lockFile 0cdf4f98-connect-flash-0-1-1 connect-flash@0.1.1
155 verbose lock connect-flash@0.1.1 /home/david/.npm/0cdf4f98-connect-flash-0-1-1.lock
156 silly addNameRange number 2 { name: 'passport', range: '*', hasData: true }
157 silly addNameRange versions [ 'passport',
157 silly addNameRange   [ '0.1.0',
157 silly addNameRange     '0.1.1',
157 silly addNameRange     '0.1.2',
157 silly addNameRange     '0.1.3',
157 silly addNameRange     '0.1.4',
157 silly addNameRange     '0.1.5',
157 silly addNameRange     '0.1.6',
157 silly addNameRange     '0.1.7',
157 silly addNameRange     '0.1.8',
157 silly addNameRange     '0.1.9',
157 silly addNameRange     '0.1.10',
157 silly addNameRange     '0.1.11',
157 silly addNameRange     '0.1.12',
157 silly addNameRange     '0.1.13',
157 silly addNameRange     '0.1.14',
157 silly addNameRange     '0.1.15',
157 silly addNameRange     '0.1.16',
157 silly addNameRange     '0.1.17',
157 silly addNameRange     '0.1.18',
157 silly addNameRange     '0.2.0',
157 silly addNameRange     '0.2.1' ] ]
158 verbose addNamed [ 'passport', '0.2.1' ]
159 verbose addNamed [ '0.2.1', '0.2.1' ]
160 silly lockFile b563cf22-passport-0-2-1 passport@0.2.1
161 verbose lock passport@0.2.1 /home/david/.npm/b563cf22-passport-0-2-1.lock
162 silly lockFile b563cf22-passport-0-2-1 passport@0.2.1
163 silly lockFile b563cf22-passport-0-2-1 passport@0.2.1
164 silly lockFile d5a254c4-passport passport@
165 silly lockFile d5a254c4-passport passport@
166 silly lockFile 0cdf4f98-connect-flash-0-1-1 connect-flash@0.1.1
167 silly lockFile 0cdf4f98-connect-flash-0-1-1 connect-flash@0.1.1
168 silly lockFile 5d858a09-connect-flash connect-flash@
169 silly lockFile 5d858a09-connect-flash connect-flash@
170 http 304 https://registry.npmjs.org/mongoose
171 silly registry.get cb [ 304,
171 silly registry.get   { date: 'Thu, 02 Oct 2014 07:10:10 GMT',
171 silly registry.get     server: 'Apache',
171 silly registry.get     via: '1.1 varnish',
171 silly registry.get     'last-modified': 'Thu, 02 Oct 2014 07:10:10 GMT',
171 silly registry.get     'cache-control': 'max-age=60',
171 silly registry.get     etag: '"AS9IKNPTJTHAGAPLGWO05U15D"',
171 silly registry.get     'x-served-by': 'cache-lo80-LHR',
171 silly registry.get     'x-cache': 'HIT',
171 silly registry.get     'x-cache-hits': '1',
171 silly registry.get     'x-timer': 'S1412233810.668899,VS0,VE86',
171 silly registry.get     vary: 'Accept',
171 silly registry.get     'content-length': '0',
171 silly registry.get     'keep-alive': 'timeout=10, max=50',
171 silly registry.get     connection: 'Keep-Alive' } ]
172 verbose etag https://registry.npmjs.org/mongoose from cache
173 silly addNameRange number 2 { name: 'mongoose', range: '*', hasData: true }
174 silly addNameRange versions [ 'mongoose',
174 silly addNameRange   [ '0.0.1',
174 silly addNameRange     '0.0.2',
174 silly addNameRange     '0.0.3',
174 silly addNameRange     '0.0.4',
174 silly addNameRange     '0.0.5',
174 silly addNameRange     '1.0.0',
174 silly addNameRange     '1.0.1',
174 silly addNameRange     '1.0.2',
174 silly addNameRange     '0.0.6',
174 silly addNameRange     '1.0.3',
174 silly addNameRange     '1.0.4',
174 silly addNameRange     '1.0.5',
174 silly addNameRange     '1.0.6',
174 silly addNameRange     '1.0.7',
174 silly addNameRange     '1.0.8',
174 silly addNameRange     '1.0.10',
174 silly addNameRange     '1.0.11',
174 silly addNameRange     '1.0.12',
174 silly addNameRange     '1.0.13',
174 silly addNameRange     '1.0.14',
174 silly addNameRange     '1.0.15',
174 silly addNameRange     '1.0.16',
174 silly addNameRange     '1.1.0',
174 silly addNameRange     '1.1.1',
174 silly addNameRange     '1.1.2',
174 silly addNameRange     '1.1.3',
174 silly addNameRange     '1.1.4',
174 silly addNameRange     '1.1.5',
174 silly addNameRange     '1.1.6',
174 silly addNameRange     '1.1.7',
174 silly addNameRange     '1.1.8',
174 silly addNameRange     '1.1.9',
174 silly addNameRange     '1.1.10',
174 silly addNameRange     '1.1.11',
174 silly addNameRange     '1.1.12',
174 silly addNameRange     '1.1.13',
174 silly addNameRange     '1.1.14',
174 silly addNameRange     '1.1.15',
174 silly addNameRange     '1.1.16',
174 silly addNameRange     '1.1.17',
174 silly addNameRange     '1.1.18',
174 silly addNameRange     '1.1.19',
174 silly addNameRange     '1.1.20',
174 silly addNameRange     '1.1.21',
174 silly addNameRange     '1.1.22',
174 silly addNameRange     '1.1.23',
174 silly addNameRange     '1.1.24',
174 silly addNameRange     '1.1.25',
174 silly addNameRange     '1.2.0',
174 silly addNameRange     '1.3.0',
174 silly addNameRange     '1.3.1',
174 silly addNameRange     '1.3.2',
174 silly addNameRange     '1.3.3',
174 silly addNameRange     '1.3.4',
174 silly addNameRange     '1.3.5',
174 silly addNameRange     '1.3.6',
174 silly addNameRange     '1.3.7',
174 silly addNameRange     '1.4.0',
174 silly addNameRange     '1.5.0',
174 silly addNameRange     '1.6.0',
174 silly addNameRange     '1.7.2',
174 silly addNameRange     '1.7.3',
174 silly addNameRange     '1.7.4',
174 silly addNameRange     '1.8.0',
174 silly addNameRange     '1.8.1',
174 silly addNameRange     '1.8.2',
174 silly addNameRange     '1.8.3',
174 silly addNameRange     '1.8.4',
174 silly addNameRange     '2.0.0',
174 silly addNameRange     '2.0.1',
174 silly addNameRange     '2.0.2',
174 silly addNameRange     '2.0.3',
174 silly addNameRange     '2.0.4',
174 silly addNameRange     '2.1.0',
174 silly addNameRange     '2.1.1',
174 silly addNameRange     '2.1.2',
174 silly addNameRange     '2.1.3',
174 silly addNameRange     '2.1.4',
174 silly addNameRange     '2.2.0',
174 silly addNameRange     '2.2.1',
174 silly addNameRange     '2.2.2',
174 silly addNameRange     '2.2.3',
174 silly addNameRange     '2.2.4',
174 silly addNameRange     '2.3.0',
174 silly addNameRange     '2.3.1',
174 silly addNameRange     '2.3.2',
174 silly addNameRange     '2.3.3',
174 silly addNameRange     '2.3.4',
174 silly addNameRange     '2.3.5',
174 silly addNameRange     '2.3.6',
174 silly addNameRange     '2.3.7',
174 silly addNameRange     '2.3.8',
174 silly addNameRange     '2.3.9',
174 silly addNameRange     '2.3.10',
174 silly addNameRange     '2.3.11',
174 silly addNameRange     '2.3.12',
174 silly addNameRange     '2.3.13',
174 silly addNameRange     '2.4.0',
174 silly addNameRange     '2.4.1',
174 silly addNameRange     '2.4.2',
174 silly addNameRange     '2.4.3',
174 silly addNameRange     '2.4.4',
174 silly addNameRange     '2.4.5',
174 silly addNameRange     '2.4.6',
174 silly addNameRange     '2.4.7',
174 silly addNameRange     '2.4.8',
174 silly addNameRange     '2.4.9',
174 silly addNameRange     '2.4.10',
174 silly addNameRange     '2.5.0',
174 silly addNameRange     '2.5.1',
174 silly addNameRange     '2.5.2',
174 silly addNameRange     '2.5.3',
174 silly addNameRange     '2.5.4',
174 silly addNameRange     '2.5.5',
174 silly addNameRange     '2.5.6',
174 silly addNameRange     '2.5.7',
174 silly addNameRange     '2.5.8',
174 silly addNameRange     '2.5.9',
174 silly addNameRange     '2.5.10',
174 silly addNameRange     '2.5.11',
174 silly addNameRange     '2.5.12',
174 silly addNameRange     '2.5.13',
174 silly addNameRange     '2.5.14',
174 silly addNameRange     '2.6.0',
174 silly addNameRange     '2.6.1',
174 silly addNameRange     '2.6.2',
174 silly addNameRange     '2.6.3',
174 silly addNameRange     '2.6.4',
174 silly addNameRange     '2.6.5',
174 silly addNameRange     '2.6.6',
174 silly addNameRange     '2.6.7',
174 silly addNameRange     '2.6.8',
174 silly addNameRange     '2.7.0',
174 silly addNameRange     '2.7.1',
174 silly addNameRange     '2.7.2',
174 silly addNameRange     '2.7.4',
174 silly addNameRange     '2.7.3',
174 silly addNameRange     '3.0.0',
174 silly addNameRange     '3.0.1',
174 silly addNameRange     '3.0.2',
174 silly addNameRange     '2.8.0',
174 silly addNameRange     '3.0.3',
174 silly addNameRange     '3.1.0',
174 silly addNameRange     '2.8.1',
174 silly addNameRange     '3.1.1',
174 silly addNameRange     '2.8.2',
174 silly addNameRange     '2.8.3',
174 silly addNameRange     '2.9.0',
174 silly addNameRange     '3.2.0',
174 silly addNameRange     '2.9.1',
174 silly addNameRange     '3.2.1',
174 silly addNameRange     '2.9.2',
174 silly addNameRange     '3.2.2',
174 silly addNameRange     '3.3.0',
174 silly addNameRange     '3.3.1',
174 silly addNameRange     '2.9.3',
174 silly addNameRange     '3.4.0',
174 silly addNameRange     '2.9.4',
174 silly addNameRange     '2.9.5',
174 silly addNameRange     '3.5.0',
174 silly addNameRange     '3.5.1',
174 silly addNameRange     '3.5.2',
174 silly addNameRange     '3.5.3',
174 silly addNameRange     '2.9.6',
174 silly addNameRange     '2.9.7',
174 silly addNameRange     '3.5.4',
174 silly addNameRange     '3.5.5',
174 silly addNameRange     '2.9.8',
174 silly addNameRange     '2.9.9',
174 silly addNameRange     '3.5.6',
174 silly addNameRange     '3.5.7',
174 silly addNameRange     '3.5.8',
174 silly addNameRange     '2.9.10',
174 silly addNameRange     '3.5.9',
174 silly addNameRange     '3.6.2',
174 silly addNameRange     '3.5.10',
174 silly addNameRange     '3.6.3',
174 silly addNameRange     '3.5.11',
174 silly addNameRange     '3.6.4',
174 silly addNameRange     '3.6.5',
174 silly addNameRange     '3.6.6',
174 silly addNameRange     '3.6.7',
174 silly addNameRange     '3.5.12',
174 silly addNameRange     '3.6.8',
174 silly addNameRange     '3.6.9',
174 silly addNameRange     '3.6.10',
174 silly addNameRange     '3.5.13',
174 silly addNameRange     '3.5.14',
174 silly addNameRange     '3.6.11',
174 silly addNameRange     '3.6.12',
174 silly addNameRange     '3.6.13',
174 silly addNameRange     '3.6.14',
174 silly addNameRange     '3.6.15',
174 silly addNameRange     '3.5.15',
174 silly addNameRange     '3.7.0',
174 silly addNameRange     '3.6.16',
174 silly addNameRange     '3.5.16',
174 silly addNameRange     '3.6.17',
174 silly addNameRange     '3.7.2',
174 silly addNameRange     '3.0.0-alpha1',
174 silly addNameRange     '3.0.0-alpha2',
174 silly addNameRange     '3.0.0-rc0',
174 silly addNameRange     '3.6.0-rc0',
174 silly addNameRange     '3.6.0-rc1',
174 silly addNameRange     '3.6.18',
174 silly addNameRange     '3.7.3',
174 silly addNameRange     '3.6.19',
174 silly addNameRange     '3.6.20',
174 silly addNameRange     '3.7.4',
174 silly addNameRange     '3.8.0',
174 silly addNameRange     '3.8.1',
174 silly addNameRange     '3.8.2',
174 silly addNameRange     '3.8.3',
174 silly addNameRange     '3.8.4',
174 silly addNameRange     '3.8.5',
174 silly addNameRange     '3.8.6',
174 silly addNameRange     '3.8.7',
174 silly addNameRange     '3.8.8',
174 silly addNameRange     '3.8.9',
174 silly addNameRange     '3.8.10',
174 silly addNameRange     '3.8.11',
174 silly addNameRange     '3.9.0',
174 silly addNameRange     '3.8.12',
174 silly addNameRange     '3.8.13',
174 silly addNameRange     '3.8.14',
174 silly addNameRange     '3.8.15',
174 silly addNameRange     '3.9.1',
174 silly addNameRange     '3.8.16',
174 silly addNameRange     '3.9.2',
174 silly addNameRange     '3.8.17',
174 silly addNameRange     '3.9.3' ] ]
175 verbose addNamed [ 'mongoose', '3.8.17' ]
176 verbose addNamed [ '3.8.17', '3.8.17' ]
177 silly lockFile a4695088-mongoose-3-8-17 mongoose@3.8.17
178 verbose lock mongoose@3.8.17 /home/david/.npm/a4695088-mongoose-3-8-17.lock
179 silly lockFile a4695088-mongoose-3-8-17 mongoose@3.8.17
180 silly lockFile a4695088-mongoose-3-8-17 mongoose@3.8.17
181 silly lockFile 3bb0fc31-mongoose mongoose@
182 silly lockFile 3bb0fc31-mongoose mongoose@
183 http 404 https://registry.npmjs.org/express-sessssion
184 verbose headers { date: 'Thu, 02 Oct 2014 07:10:10 GMT',
184 verbose headers   server: 'CouchDB/1.5.0 (Erlang OTP/R16B03)',
184 verbose headers   'content-type': 'application/json',
184 verbose headers   'cache-control': 'max-age=0',
184 verbose headers   'content-length': '52',
184 verbose headers   'accept-ranges': 'bytes',
184 verbose headers   via: '1.1 varnish',
184 verbose headers   age: '0',
184 verbose headers   'x-served-by': 'cache-lo83-LHR',
184 verbose headers   'x-cache': 'MISS',
184 verbose headers   'x-cache-hits': '0',
184 verbose headers   'x-timer': 'S1412233810.634754,VS0,VE159',
184 verbose headers   'keep-alive': 'timeout=10, max=50',
184 verbose headers   connection: 'Keep-Alive' }
185 silly registry.get cb [ 404,
185 silly registry.get   { date: 'Thu, 02 Oct 2014 07:10:10 GMT',
185 silly registry.get     server: 'CouchDB/1.5.0 (Erlang OTP/R16B03)',
185 silly registry.get     'content-type': 'application/json',
185 silly registry.get     'cache-control': 'max-age=0',
185 silly registry.get     'content-length': '52',
185 silly registry.get     'accept-ranges': 'bytes',
185 silly registry.get     via: '1.1 varnish',
185 silly registry.get     age: '0',
185 silly registry.get     'x-served-by': 'cache-lo83-LHR',
185 silly registry.get     'x-cache': 'MISS',
185 silly registry.get     'x-cache-hits': '0',
185 silly registry.get     'x-timer': 'S1412233810.634754,VS0,VE159',
185 silly registry.get     'keep-alive': 'timeout=10, max=50',
185 silly registry.get     connection: 'Keep-Alive' } ]
186 silly lockFile 36a6175b-express-sessssion express-sessssion@
187 silly lockFile 36a6175b-express-sessssion express-sessssion@
188 http 304 https://registry.npmjs.org/bcrypt-nodejs
189 silly registry.get cb [ 304,
189 silly registry.get   { date: 'Thu, 02 Oct 2014 07:10:10 GMT',
189 silly registry.get     server: 'Apache',
189 silly registry.get     via: '1.1 varnish',
189 silly registry.get     'last-modified': 'Thu, 02 Oct 2014 07:10:10 GMT',
189 silly registry.get     'cache-control': 'max-age=60',
189 silly registry.get     etag: '"52B3LHGUQ2EBYA12JXFRFN4OV"',
189 silly registry.get     'x-served-by': 'cache-lo81-LHR',
189 silly registry.get     'x-cache': 'MISS',
189 silly registry.get     'x-cache-hits': '0',
189 silly registry.get     'x-timer': 'S1412233810.671987,VS0,VE157',
189 silly registry.get     vary: 'Accept',
189 silly registry.get     'content-length': '0',
189 silly registry.get     'keep-alive': 'timeout=10, max=49',
189 silly registry.get     connection: 'Keep-Alive' } ]
190 verbose etag https://registry.npmjs.org/bcrypt-nodejs from cache
191 silly addNameRange number 2 { name: 'bcrypt-nodejs', range: '*', hasData: true }
192 silly addNameRange versions [ 'bcrypt-nodejs', [ '0.0.1', '0.0.2', '0.0.3' ] ]
193 verbose addNamed [ 'bcrypt-nodejs', '0.0.3' ]
194 verbose addNamed [ '0.0.3', '0.0.3' ]
195 silly lockFile 30db234c-bcrypt-nodejs-0-0-3 bcrypt-nodejs@0.0.3
196 verbose lock bcrypt-nodejs@0.0.3 /home/david/.npm/30db234c-bcrypt-nodejs-0-0-3.lock
197 silly lockFile 30db234c-bcrypt-nodejs-0-0-3 bcrypt-nodejs@0.0.3
198 silly lockFile 30db234c-bcrypt-nodejs-0-0-3 bcrypt-nodejs@0.0.3
199 silly lockFile a68af524-bcrypt-nodejs bcrypt-nodejs@
200 silly lockFile a68af524-bcrypt-nodejs bcrypt-nodejs@
201 error 404 404 Not Found: express-sessssion
201 error 404
201 error 404 'express-sessssion' is not in the npm registry.
201 error 404 You should bug the author to publish it
201 error 404 It was specified as a dependency of 'smarty'
201 error 404
201 error 404 Note that you can also install from a
201 error 404 tarball, folder, or http url, or git url.
202 error System Linux 3.13.0-32-generic
203 error command "/home/david/.nvm/v0.10.32/bin/node" "/home/david/.nvm/v0.10.32/bin/npm" "install" "passport" "passport-local" "mongoose" "connect-flash" "express-sessssion" "bcrypt-nodejs" "--save"
204 error cwd /home/david/nodejs/smarty
205 error node -v v0.10.32
206 error npm -v 1.4.28
207 error code E404
208 verbose exit [ 1, true ]
